<?xml version="1.0" encoding="UTF-8"?>
<!-- Generated by org.testng.reporters.JUnitReportReporter -->
<testsuite skipped="0" hostname="PUGHAZHENDI-PC" name="org.test.ClassB" tests="3" failures="0" timestamp="13 Jun 2022 16:08:19 GMT" time="0.047" errors="0">
  <testcase name="testB3" time="0.016" classname="org.test.ClassB"/>
  <testcase name="testB2" time="0.000" classname="org.test.ClassB"/>
  <testcase name="testB1" time="0.031" classname="org.test.ClassB"/>
</testsuite> <!-- org.test.ClassB -->
