<?xml version="1.0" encoding="UTF-8"?>
<!-- Generated by org.testng.reporters.JUnitReportReporter -->
<testsuite skipped="0" hostname="PUGHAZHENDI-PC" name="org.para.classB" tests="7" failures="0" timestamp="14 Jun 2022 15:09:19 GMT" time="0.016" errors="0">
  <testcase name="testB3" time="0.000" classname="org.para.classB"/>
  <testcase name="testB1" time="0.000" classname="org.para.classB"/>
  <testcase name="testB3" time="0.000" classname="org.para.classB"/>
  <testcase name="testB1" time="0.000" classname="org.para.classB"/>
  <testcase name="testB3" time="0.016" classname="org.para.classB"/>
  <testcase name="testB1" time="0.000" classname="org.para.classB"/>
  <testcase name="testB2" time="0.000" classname="org.para.classB"/>
</testsuite> <!-- org.para.classB -->
