<?xml version="1.0" encoding="UTF-8"?>
<!-- Generated by org.testng.reporters.JUnitReportReporter -->
<testsuite skipped="0" hostname="PUGHAZHENDI-PC" name="org.para.Classess" tests="7" failures="0" timestamp="14 Jun 2022 15:09:19 GMT" time="0.065" errors="0">
  <testcase name="testA3" time="0.000" classname="org.para.Classess"/>
  <testcase name="testA2" time="0.000" classname="org.para.Classess"/>
  <testcase name="testA1" time="0.031" classname="org.para.Classess"/>
  <testcase name="testA2" time="0.001" classname="org.para.Classess"/>
  <testcase name="testA1" time="0.000" classname="org.para.Classess"/>
  <testcase name="testA1" time="0.015" classname="org.para.Classess"/>
  <testcase name="testA2" time="0.018" classname="org.para.Classess"/>
</testsuite> <!-- org.para.Classess -->
