<?xml version="1.0" encoding="UTF-8"?>
<!-- Generated by org.testng.reporters.JUnitReportReporter -->
<testsuite skipped="1" hostname="PUGHAZHENDI-PC" name="org.test.Devanand" tests="5" failures="0" timestamp="11 Jun 2022 09:38:06 GMT" time="0.024" errors="0">
  <testcase name="testA2" time="0.008" classname="org.test.Devanand"/>
  <testcase name="testA2" time="0.003" classname="org.test.Devanand"/>
  <testcase name="testA2" time="0.010" classname="org.test.Devanand"/>
  <testcase name="testA1" time="0.003" classname="org.test.Devanand"/>
  <testcase name="testA3" classname="org.test.Devanand">
    <skipped/>
  </testcase> <!-- testA3 -->
</testsuite> <!-- org.test.Devanand -->
