<?xml version="1.0" encoding="UTF-8"?>
<!-- Generated by org.testng.reporters.JUnitReportReporter -->
<testsuite skipped="0" hostname="PUGHAZHENDI-PC" name="org.test.BookMyShowTestCase" tests="1" failures="0" timestamp="13 Jun 2022 03:44:59 GMT" time="96.254" errors="0">
  <testcase name="testCases1" time="96.254" classname="org.test.BookMyShowTestCase"/>
</testsuite> <!-- org.test.BookMyShowTestCase -->
