<?xml version="1.0" encoding="UTF-8"?>
<!-- Generated by org.testng.reporters.JUnitReportReporter -->
<testsuite skipped="0" hostname="PUGHAZHENDI-PC" name="org.para.grouping" tests="2" failures="0" timestamp="15 Jun 2022 14:00:34 GMT" time="0.031" errors="0">
  <testcase name="testA14" time="0.031" classname="org.para.grouping"/>
  <testcase name="testA15" time="0.000" classname="org.para.grouping"/>
</testsuite> <!-- org.para.grouping -->
