<?xml version="1.0" encoding="UTF-8"?>
<!-- Generated by org.testng.reporters.JUnitReportReporter -->
<testsuite skipped="0" hostname="PUGHAZHENDI-PC" name="org.test.ClassA" tests="3" failures="0" timestamp="13 Jun 2022 16:08:19 GMT" time="0.017" errors="0">
  <testcase name="testA2" time="0.005" classname="org.test.ClassA"/>
  <testcase name="testA3" time="0.008" classname="org.test.ClassA"/>
  <testcase name="testA1" time="0.004" classname="org.test.ClassA"/>
</testsuite> <!-- org.test.ClassA -->
