<?xml version="1.0" encoding="UTF-8"?>
<!-- Generated by org.testng.reporters.JUnitReportReporter -->
<testsuite skipped="0" hostname="PUGHAZHENDI-PC" name="org.test.ClassC" tests="3" failures="0" timestamp="13 Jun 2022 16:08:19 GMT" time="0.022" errors="0">
  <testcase name="testC2" time="0.000" classname="org.test.ClassC"/>
  <testcase name="testC3" time="0.022" classname="org.test.ClassC"/>
  <testcase name="testC1" time="0.000" classname="org.test.ClassC"/>
</testsuite> <!-- org.test.ClassC -->
