<?xml version="1.0" encoding="UTF-8"?>
<!-- Generated by org.testng.reporters.JUnitReportReporter -->
<testsuite skipped="0" hostname="PUGHAZHENDI-PC" name="org.test.FlipkartProject" tests="1" failures="0" timestamp="15 Jun 2022 15:38:40 GMT" time="117.898" errors="0">
  <testcase name="testcase1" time="117.898" classname="org.test.FlipkartProject"/>
</testsuite> <!-- org.test.FlipkartProject -->
